   1              		.cpu cortex-m4
   2              		.arch armv7e-m
   3              		.fpu fpv4-sp-d16
   4              		.eabi_attribute 27, 1
   5              		.eabi_attribute 28, 1
   6              		.eabi_attribute 20, 1
   7              		.eabi_attribute 21, 1
   8              		.eabi_attribute 23, 3
   9              		.eabi_attribute 24, 1
  10              		.eabi_attribute 25, 1
  11              		.eabi_attribute 26, 1
  12              		.eabi_attribute 30, 4
  13              		.eabi_attribute 34, 1
  14              		.eabi_attribute 18, 4
  15              		.file	"key.c"
  16              		.text
  17              	.Ltext0:
  18              		.cfi_sections	.debug_frame
  19              		.section	.text.beep_control,"ax",%progbits
  20              		.align	1
  21              		.global	beep_control
  22              		.syntax unified
  23              		.thumb
  24              		.thumb_func
  26              	beep_control:
  27              	.LVL0:
  28              	.LFB130:
  29              		.file 1 "source\\key\\key.c"
   1:source\key/key.c **** /********************************************************************************/
   2:source\key/key.c **** /* key.c	                                                                */
   3:source\key/key.c **** /* STM32F407ZGT6                                                                */
   4:source\key/key.c **** /* (Lee ChangWoo HL2IRW  hl2irw@daum.net 010-8573-6860)                 	*/
   5:source\key/key.c **** /* stm32f4x_test								*/
   6:source\key/key.c **** /********************************************************************************/
   7:source\key/key.c **** #include "../../hwdefs.h"
   8:source\key/key.c **** #include "../prototype.h"
   9:source\key/key.c **** 
  10:source\key/key.c **** #define KEY_TIME			10
  11:source\key/key.c **** volatile unsigned char key_cnt1,key_cnt2,key_cnt3,key_cnt4,key_value,beep_on;
  12:source\key/key.c **** volatile unsigned short beep_cnt,beep_max;
  13:source\key/key.c **** 
  14:source\key/key.c **** 
  15:source\key/key.c **** 
  16:source\key/key.c **** void beep_control (unsigned char ctl)
  17:source\key/key.c **** {
  30              		.loc 1 17 1 view -0
  31              		.cfi_startproc
  32              		@ args = 0, pretend = 0, frame = 0
  33              		@ frame_needed = 0, uses_anonymous_args = 0
  34              		@ link register save eliminated.
  18:source\key/key.c ****       if (ctl == ON) {
  35              		.loc 1 18 7 view .LVU1
  36 0000 074A     		ldr	r2, .L4
  37 0002 0849     		ldr	r1, .L4+4
  38              		.loc 1 18 10 is_stmt 0 view .LVU2
  39 0004 0128     		cmp	r0, #1
  40 0006 4FF00003 		mov	r3, #0
  19:source\key/key.c ****          beep_on = 1;
  41              		.loc 1 19 10 is_stmt 1 view .LVU3
  42              	.LBB8:
  43              	.LBB9:
  20:source\key/key.c ****          beep_cnt = 0;
  21:source\key/key.c ****       } else {
  22:source\key/key.c ****          beep_on = 0;
  44              		.loc 1 22 18 is_stmt 0 view .LVU4
  45 000a 1DBF     		ittte	ne
  46 000c 0B70     		strbne	r3, [r1]
  23:source\key/key.c ****          beep_cnt = 0;
  47              		.loc 1 23 19 view .LVU5
  48 000e 1380     		strhne	r3, [r2]	@ movhi
  24:source\key/key.c ****          BEEP = 0;
  49              		.loc 1 24 15 view .LVU6
  50 0010 054A     		ldrne	r2, .L4+8
  51              	.LBE9:
  52              	.LBE8:
  19:source\key/key.c ****          beep_cnt = 0;
  53              		.loc 1 19 18 view .LVU7
  54 0012 0870     		strbeq	r0, [r1]
  20:source\key/key.c ****       } else {
  55              		.loc 1 20 10 is_stmt 1 view .LVU8
  56              	.LBB12:
  57              	.LBB10:
  58              		.loc 1 24 15 is_stmt 0 view .LVU9
  59 0014 14BF     		ite	ne
  60 0016 C2F8A032 		strne	r3, [r2, #672]
  61              	.LBE10:
  62              	.LBE12:
  20:source\key/key.c ****       } else {
  63              		.loc 1 20 19 view .LVU10
  64 001a 1380     		strheq	r3, [r2]	@ movhi
  65              	.LBB13:
  66              	.LBI8:
  16:source\key/key.c **** {
  67              		.loc 1 16 6 is_stmt 1 view .LVU11
  68              	.LVL1:
  69              	.LBB11:
  22:source\key/key.c ****          beep_cnt = 0;
  70              		.loc 1 22 10 view .LVU12
  23:source\key/key.c ****          BEEP = 0;
  71              		.loc 1 23 10 view .LVU13
  72              		.loc 1 24 10 view .LVU14
  73              		.loc 1 24 10 is_stmt 0 view .LVU15
  74              	.LBE11:
  75              	.LBE13:
  25:source\key/key.c ****       }
  26:source\key/key.c **** }
  76              		.loc 1 26 1 view .LVU16
  77 001c 7047     		bx	lr
  78              	.L5:
  79 001e 00BF     		.align	2
  80              	.L4:
  81 0020 00000000 		.word	.LANCHOR1
  82 0024 00000000 		.word	.LANCHOR0
  83 0028 00804242 		.word	1111654400
  84              		.cfi_endproc
  85              	.LFE130:
  87              		.section	.text.beep_check,"ax",%progbits
  88              		.align	1
  89              		.global	beep_check
  90              		.syntax unified
  91              		.thumb
  92              		.thumb_func
  94              	beep_check:
  95              	.LFB131:
  27:source\key/key.c **** 
  28:source\key/key.c **** 
  29:source\key/key.c **** void beep_check (void)
  30:source\key/key.c **** {
  96              		.loc 1 30 1 is_stmt 1 view -0
  97              		.cfi_startproc
  98              		@ args = 0, pretend = 0, frame = 0
  99              		@ frame_needed = 0, uses_anonymous_args = 0
 100              		@ link register save eliminated.
  31:source\key/key.c ****       if (beep_on) {
 101              		.loc 1 31 7 view .LVU18
 102              		.loc 1 31 11 is_stmt 0 view .LVU19
 103 0000 0F48     		ldr	r0, .L13
 104 0002 0378     		ldrb	r3, [r0]	@ zero_extendqisi2
 105              		.loc 1 31 10 view .LVU20
 106 0004 D3B1     		cbz	r3, .L6
 107              	.LBB20:
 108              	.LBI20:
  29:source\key/key.c **** {
 109              		.loc 1 29 6 is_stmt 1 view .LVU21
 110              	.LBB21:
  32:source\key/key.c ****          beep_cnt++;
 111              		.loc 1 32 10 view .LVU22
 112              		.loc 1 32 18 is_stmt 0 view .LVU23
 113 0006 0F4B     		ldr	r3, .L13+4
 114 0008 1A88     		ldrh	r2, [r3]
 115 000a 0132     		adds	r2, r2, #1
 116 000c 92B2     		uxth	r2, r2
 117 000e 1A80     		strh	r2, [r3]	@ movhi
  33:source\key/key.c ****          if (beep_cnt < 200) {
 118              		.loc 1 33 10 is_stmt 1 view .LVU24
 119              		.loc 1 33 23 is_stmt 0 view .LVU25
 120 0010 1A88     		ldrh	r2, [r3]
 121 0012 92B2     		uxth	r2, r2
 122              		.loc 1 33 13 view .LVU26
 123 0014 C72A     		cmp	r2, #199
 124 0016 0C4A     		ldr	r2, .L13+8
  34:source\key/key.c ****             BEEP = 1;
 125              		.loc 1 34 13 is_stmt 1 view .LVU27
 126              		.loc 1 34 18 is_stmt 0 view .LVU28
 127 0018 94BF     		ite	ls
 128 001a 0121     		movls	r1, #1
  35:source\key/key.c ****          } else {
  36:source\key/key.c ****             BEEP = 0;
 129              		.loc 1 36 13 is_stmt 1 view .LVU29
 130              		.loc 1 36 18 is_stmt 0 view .LVU30
 131 001c 0021     		movhi	r1, #0
 132 001e C2F8A012 		str	r1, [r2, #672]
  37:source\key/key.c ****          }
  38:source\key/key.c ****          if (beep_cnt >= beep_max) {
 133              		.loc 1 38 10 is_stmt 1 view .LVU31
 134              		.loc 1 38 23 is_stmt 0 view .LVU32
 135 0022 0A4A     		ldr	r2, .L13+12
 136 0024 1988     		ldrh	r1, [r3]
 137 0026 1288     		ldrh	r2, [r2]
 138 0028 89B2     		uxth	r1, r1
 139 002a 92B2     		uxth	r2, r2
 140              		.loc 1 38 13 view .LVU33
 141 002c 9142     		cmp	r1, r2
 142 002e 05D3     		bcc	.L6
  39:source\key/key.c ****             beep_control(OFF);
 143              		.loc 1 39 13 is_stmt 1 view .LVU34
 144              	.LVL2:
 145              	.LBB22:
 146              	.LBI22:
  16:source\key/key.c **** {
 147              		.loc 1 16 6 view .LVU35
 148              	.LBE22:
 149              	.LBE21:
 150              	.LBE20:
  18:source\key/key.c ****          beep_on = 1;
 151              		.loc 1 18 7 view .LVU36
 152              	.LBB27:
 153              	.LBB26:
 154              	.LBB25:
 155              	.LBB23:
 156              	.LBI23:
  16:source\key/key.c **** {
 157              		.loc 1 16 6 view .LVU37
 158              	.LBB24:
  22:source\key/key.c ****          beep_cnt = 0;
 159              		.loc 1 22 10 view .LVU38
  22:source\key/key.c ****          beep_cnt = 0;
 160              		.loc 1 22 18 is_stmt 0 view .LVU39
 161 0030 0022     		movs	r2, #0
 162 0032 0270     		strb	r2, [r0]
  23:source\key/key.c ****          BEEP = 0;
 163              		.loc 1 23 10 is_stmt 1 view .LVU40
  23:source\key/key.c ****          BEEP = 0;
 164              		.loc 1 23 19 is_stmt 0 view .LVU41
 165 0034 1A80     		strh	r2, [r3]	@ movhi
  24:source\key/key.c ****       }
 166              		.loc 1 24 10 is_stmt 1 view .LVU42
  24:source\key/key.c ****       }
 167              		.loc 1 24 15 is_stmt 0 view .LVU43
 168 0036 044B     		ldr	r3, .L13+8
 169 0038 C3F8A022 		str	r2, [r3, #672]
 170              	.LVL3:
 171              	.L6:
  24:source\key/key.c ****       }
 172              		.loc 1 24 15 view .LVU44
 173              	.LBE24:
 174              	.LBE23:
 175              	.LBE25:
 176              	.LBE26:
 177              	.LBE27:
  40:source\key/key.c ****          }
  41:source\key/key.c ****       }
  42:source\key/key.c **** }
 178              		.loc 1 42 1 view .LVU45
 179 003c 7047     		bx	lr
 180              	.L14:
 181 003e 00BF     		.align	2
 182              	.L13:
 183 0040 00000000 		.word	.LANCHOR0
 184 0044 00000000 		.word	.LANCHOR1
 185 0048 00804242 		.word	1111654400
 186 004c 00000000 		.word	.LANCHOR2
 187              		.cfi_endproc
 188              	.LFE131:
 190              		.section	.text.key_read,"ax",%progbits
 191              		.align	1
 192              		.global	key_read
 193              		.syntax unified
 194              		.thumb
 195              		.thumb_func
 197              	key_read:
 198              	.LFB132:
  43:source\key/key.c **** 
  44:source\key/key.c **** 
  45:source\key/key.c **** unsigned char key_read (void)
  46:source\key/key.c **** {
 199              		.loc 1 46 1 is_stmt 1 view -0
 200              		.cfi_startproc
 201              		@ args = 0, pretend = 0, frame = 0
 202              		@ frame_needed = 0, uses_anonymous_args = 0
  47:source\key/key.c ****       if (KEY0 == RESET) {
 203              		.loc 1 47 7 view .LVU47
 204              		.loc 1 47 11 is_stmt 0 view .LVU48
 205 0000 394B     		ldr	r3, .L36
 206 0002 D3F81012 		ldr	r1, [r3, #528]
 207 0006 394B     		ldr	r3, .L36+4
  46:source\key/key.c ****       if (KEY0 == RESET) {
 208              		.loc 1 46 1 view .LVU49
 209 0008 10B5     		push	{r4, lr}
 210              		.cfi_def_cfa_offset 8
 211              		.cfi_offset 4, -8
 212              		.cfi_offset 14, -4
 213 000a 394C     		ldr	r4, .L36+8
 214              		.loc 1 47 10 view .LVU50
 215 000c 0029     		cmp	r1, #0
 216 000e 52D1     		bne	.L16
  48:source\key/key.c ****          key_cnt1++;
 217              		.loc 1 48 10 is_stmt 1 view .LVU51
 218              		.loc 1 48 18 is_stmt 0 view .LVU52
 219 0010 1A78     		ldrb	r2, [r3]	@ zero_extendqisi2
 220 0012 0132     		adds	r2, r2, #1
 221 0014 D2B2     		uxtb	r2, r2
 222 0016 1A70     		strb	r2, [r3]
  49:source\key/key.c ****          if (key_cnt1 >= KEY_TIME) {
 223              		.loc 1 49 10 is_stmt 1 view .LVU53
 224              		.loc 1 49 23 is_stmt 0 view .LVU54
 225 0018 1A78     		ldrb	r2, [r3]	@ zero_extendqisi2
 226              		.loc 1 49 13 view .LVU55
 227 001a 092A     		cmp	r2, #9
 228 001c 07D9     		bls	.L18
  50:source\key/key.c ****             key_cnt1 = 0;
 229              		.loc 1 50 13 is_stmt 1 view .LVU56
 230              		.loc 1 50 22 is_stmt 0 view .LVU57
 231 001e 1970     		strb	r1, [r3]
  51:source\key/key.c ****             if ((key_value & 0x01) == 0) {
 232              		.loc 1 51 13 is_stmt 1 view .LVU58
 233              		.loc 1 51 28 is_stmt 0 view .LVU59
 234 0020 2378     		ldrb	r3, [r4]	@ zero_extendqisi2
 235              		.loc 1 51 16 view .LVU60
 236 0022 D807     		lsls	r0, r3, #31
 237 0024 03D4     		bmi	.L18
  52:source\key/key.c ****                key_value |= 0x01;
 238              		.loc 1 52 16 is_stmt 1 view .LVU61
 239              		.loc 1 52 26 is_stmt 0 view .LVU62
 240 0026 2378     		ldrb	r3, [r4]	@ zero_extendqisi2
 241 0028 43F00103 		orr	r3, r3, #1
 242              	.L32:
  53:source\key/key.c ****                //beep_control(ON);
  54:source\key/key.c ****             }
  55:source\key/key.c ****          }
  56:source\key/key.c ****       } else {
  57:source\key/key.c ****          key_cnt1 = 0;
  58:source\key/key.c ****          key_value &= ~(0x01);
 243              		.loc 1 58 20 view .LVU63
 244 002c 2370     		strb	r3, [r4]
 245              	.L18:
  59:source\key/key.c ****       }
  60:source\key/key.c ****       if (KEY1 == RESET) {
 246              		.loc 1 60 7 is_stmt 1 view .LVU64
 247              		.loc 1 60 11 is_stmt 0 view .LVU65
 248 002e 2E4B     		ldr	r3, .L36
 249 0030 D3F80C12 		ldr	r1, [r3, #524]
 250 0034 2F4B     		ldr	r3, .L36+12
 251              		.loc 1 60 10 view .LVU66
 252 0036 0029     		cmp	r1, #0
 253 0038 43D1     		bne	.L20
  61:source\key/key.c ****          key_cnt2++;
 254              		.loc 1 61 10 is_stmt 1 view .LVU67
 255              		.loc 1 61 18 is_stmt 0 view .LVU68
 256 003a 1A78     		ldrb	r2, [r3]	@ zero_extendqisi2
 257 003c 0132     		adds	r2, r2, #1
 258 003e D2B2     		uxtb	r2, r2
 259 0040 1A70     		strb	r2, [r3]
  62:source\key/key.c ****          if (key_cnt2 >= KEY_TIME) {
 260              		.loc 1 62 10 is_stmt 1 view .LVU69
 261              		.loc 1 62 23 is_stmt 0 view .LVU70
 262 0042 1A78     		ldrb	r2, [r3]	@ zero_extendqisi2
 263              		.loc 1 62 13 view .LVU71
 264 0044 092A     		cmp	r2, #9
 265 0046 07D9     		bls	.L22
  63:source\key/key.c ****             key_cnt2 = 0;
 266              		.loc 1 63 13 is_stmt 1 view .LVU72
 267              		.loc 1 63 22 is_stmt 0 view .LVU73
 268 0048 1970     		strb	r1, [r3]
  64:source\key/key.c ****             if ((key_value & 0x02) == 0) {
 269              		.loc 1 64 13 is_stmt 1 view .LVU74
 270              		.loc 1 64 28 is_stmt 0 view .LVU75
 271 004a 2378     		ldrb	r3, [r4]	@ zero_extendqisi2
 272              		.loc 1 64 16 view .LVU76
 273 004c 9907     		lsls	r1, r3, #30
 274 004e 03D4     		bmi	.L22
  65:source\key/key.c ****                key_value |= 0x02;
 275              		.loc 1 65 16 is_stmt 1 view .LVU77
 276              		.loc 1 65 26 is_stmt 0 view .LVU78
 277 0050 2378     		ldrb	r3, [r4]	@ zero_extendqisi2
 278 0052 43F00203 		orr	r3, r3, #2
 279              	.L33:
  66:source\key/key.c ****                //beep_control(ON);
  67:source\key/key.c ****             }
  68:source\key/key.c ****          }
  69:source\key/key.c ****       } else {
  70:source\key/key.c ****          key_cnt2 = 0;
  71:source\key/key.c ****          key_value &= ~(0x02);
 280              		.loc 1 71 20 view .LVU79
 281 0056 2370     		strb	r3, [r4]
 282              	.L22:
  72:source\key/key.c ****       }
  73:source\key/key.c ****       if (KEY2 == RESET) {
 283              		.loc 1 73 7 is_stmt 1 view .LVU80
 284              		.loc 1 73 11 is_stmt 0 view .LVU81
 285 0058 234B     		ldr	r3, .L36
 286 005a D3F80812 		ldr	r1, [r3, #520]
 287 005e 264B     		ldr	r3, .L36+16
 288              		.loc 1 73 10 view .LVU82
 289 0060 0029     		cmp	r1, #0
 290 0062 34D1     		bne	.L24
  74:source\key/key.c ****          key_cnt3++;
 291              		.loc 1 74 10 is_stmt 1 view .LVU83
 292              		.loc 1 74 18 is_stmt 0 view .LVU84
 293 0064 1A78     		ldrb	r2, [r3]	@ zero_extendqisi2
 294 0066 0132     		adds	r2, r2, #1
 295 0068 D2B2     		uxtb	r2, r2
 296 006a 1A70     		strb	r2, [r3]
  75:source\key/key.c ****          if (key_cnt3 >= KEY_TIME) {
 297              		.loc 1 75 10 is_stmt 1 view .LVU85
 298              		.loc 1 75 23 is_stmt 0 view .LVU86
 299 006c 1A78     		ldrb	r2, [r3]	@ zero_extendqisi2
 300              		.loc 1 75 13 view .LVU87
 301 006e 092A     		cmp	r2, #9
 302 0070 07D9     		bls	.L26
  76:source\key/key.c ****             key_cnt3 = 0;
 303              		.loc 1 76 13 is_stmt 1 view .LVU88
 304              		.loc 1 76 22 is_stmt 0 view .LVU89
 305 0072 1970     		strb	r1, [r3]
  77:source\key/key.c ****             if ((key_value & 0x04) == 0) {
 306              		.loc 1 77 13 is_stmt 1 view .LVU90
 307              		.loc 1 77 28 is_stmt 0 view .LVU91
 308 0074 2378     		ldrb	r3, [r4]	@ zero_extendqisi2
 309              		.loc 1 77 16 view .LVU92
 310 0076 5A07     		lsls	r2, r3, #29
 311 0078 03D4     		bmi	.L26
  78:source\key/key.c ****                key_value |= 0x04;
 312              		.loc 1 78 16 is_stmt 1 view .LVU93
 313              		.loc 1 78 26 is_stmt 0 view .LVU94
 314 007a 2378     		ldrb	r3, [r4]	@ zero_extendqisi2
 315 007c 43F00403 		orr	r3, r3, #4
 316              	.L34:
  79:source\key/key.c ****                //beep_control(ON);
  80:source\key/key.c ****             }
  81:source\key/key.c ****          }
  82:source\key/key.c ****       } else {
  83:source\key/key.c ****          key_cnt3 = 0;
  84:source\key/key.c ****          key_value &= ~(0x04);
 317              		.loc 1 84 20 view .LVU95
 318 0080 2370     		strb	r3, [r4]
 319              	.L26:
  85:source\key/key.c ****       }
  86:source\key/key.c ****       if (KEY_UP == SET) {
 320              		.loc 1 86 7 is_stmt 1 view .LVU96
 321              		.loc 1 86 11 is_stmt 0 view .LVU97
 322 0082 1E4B     		ldr	r3, .L36+20
 323 0084 D3F80032 		ldr	r3, [r3, #512]
 324              		.loc 1 86 10 view .LVU98
 325 0088 012B     		cmp	r3, #1
 326 008a 1D4B     		ldr	r3, .L36+24
 327 008c 25D1     		bne	.L28
  87:source\key/key.c ****          key_cnt4++;
 328              		.loc 1 87 10 is_stmt 1 view .LVU99
 329              		.loc 1 87 18 is_stmt 0 view .LVU100
 330 008e 1A78     		ldrb	r2, [r3]	@ zero_extendqisi2
 331 0090 0132     		adds	r2, r2, #1
 332 0092 D2B2     		uxtb	r2, r2
 333 0094 1A70     		strb	r2, [r3]
  88:source\key/key.c ****          if (key_cnt4 >= KEY_TIME) {
 334              		.loc 1 88 10 is_stmt 1 view .LVU101
 335              		.loc 1 88 23 is_stmt 0 view .LVU102
 336 0096 1A78     		ldrb	r2, [r3]	@ zero_extendqisi2
 337              		.loc 1 88 13 view .LVU103
 338 0098 092A     		cmp	r2, #9
 339 009a 08D9     		bls	.L30
  89:source\key/key.c ****             key_cnt4 = 0;
 340              		.loc 1 89 13 is_stmt 1 view .LVU104
 341              		.loc 1 89 22 is_stmt 0 view .LVU105
 342 009c 0022     		movs	r2, #0
 343 009e 1A70     		strb	r2, [r3]
  90:source\key/key.c ****             if ((key_value & 0x08) == 0) {
 344              		.loc 1 90 13 is_stmt 1 view .LVU106
 345              		.loc 1 90 28 is_stmt 0 view .LVU107
 346 00a0 2378     		ldrb	r3, [r4]	@ zero_extendqisi2
 347              		.loc 1 90 16 view .LVU108
 348 00a2 1B07     		lsls	r3, r3, #28
 349 00a4 03D4     		bmi	.L30
  91:source\key/key.c ****                key_value |= 0x08;
 350              		.loc 1 91 16 is_stmt 1 view .LVU109
 351              		.loc 1 91 26 is_stmt 0 view .LVU110
 352 00a6 2378     		ldrb	r3, [r4]	@ zero_extendqisi2
 353 00a8 43F00803 		orr	r3, r3, #8
 354              	.L35:
  92:source\key/key.c ****                //beep_control(ON);
  93:source\key/key.c ****             }
  94:source\key/key.c ****          }
  95:source\key/key.c ****       } else {
  96:source\key/key.c ****          key_cnt4 = 0;
  97:source\key/key.c ****          key_value &= ~(0x08);
 355              		.loc 1 97 20 view .LVU111
 356 00ac 2370     		strb	r3, [r4]
 357              	.L30:
  98:source\key/key.c ****       }
  99:source\key/key.c ****       beep_check();
 358              		.loc 1 99 7 is_stmt 1 view .LVU112
 359 00ae FFF7FEFF 		bl	beep_check
 360              	.LVL4:
 100:source\key/key.c ****       return key_value;
 361              		.loc 1 100 7 view .LVU113
 362              		.loc 1 100 14 is_stmt 0 view .LVU114
 363 00b2 2078     		ldrb	r0, [r4]	@ zero_extendqisi2
 101:source\key/key.c **** }
 364              		.loc 1 101 1 view .LVU115
 365 00b4 10BD     		pop	{r4, pc}
 366              	.L16:
  57:source\key/key.c ****          key_value &= ~(0x01);
 367              		.loc 1 57 10 is_stmt 1 view .LVU116
  57:source\key/key.c ****          key_value &= ~(0x01);
 368              		.loc 1 57 19 is_stmt 0 view .LVU117
 369 00b6 0022     		movs	r2, #0
 370 00b8 1A70     		strb	r2, [r3]
  58:source\key/key.c ****       }
 371              		.loc 1 58 10 is_stmt 1 view .LVU118
  58:source\key/key.c ****       }
 372              		.loc 1 58 20 is_stmt 0 view .LVU119
 373 00ba 2378     		ldrb	r3, [r4]	@ zero_extendqisi2
 374 00bc 03F0FE03 		and	r3, r3, #254
 375 00c0 B4E7     		b	.L32
 376              	.L20:
  70:source\key/key.c ****          key_value &= ~(0x02);
 377              		.loc 1 70 10 is_stmt 1 view .LVU120
  70:source\key/key.c ****          key_value &= ~(0x02);
 378              		.loc 1 70 19 is_stmt 0 view .LVU121
 379 00c2 0022     		movs	r2, #0
 380 00c4 1A70     		strb	r2, [r3]
  71:source\key/key.c ****       }
 381              		.loc 1 71 10 is_stmt 1 view .LVU122
  71:source\key/key.c ****       }
 382              		.loc 1 71 20 is_stmt 0 view .LVU123
 383 00c6 2378     		ldrb	r3, [r4]	@ zero_extendqisi2
 384 00c8 03F0FD03 		and	r3, r3, #253
 385 00cc C3E7     		b	.L33
 386              	.L24:
  83:source\key/key.c ****          key_value &= ~(0x04);
 387              		.loc 1 83 10 is_stmt 1 view .LVU124
  83:source\key/key.c ****          key_value &= ~(0x04);
 388              		.loc 1 83 19 is_stmt 0 view .LVU125
 389 00ce 0022     		movs	r2, #0
 390 00d0 1A70     		strb	r2, [r3]
  84:source\key/key.c ****       }
 391              		.loc 1 84 10 is_stmt 1 view .LVU126
  84:source\key/key.c ****       }
 392              		.loc 1 84 20 is_stmt 0 view .LVU127
 393 00d2 2378     		ldrb	r3, [r4]	@ zero_extendqisi2
 394 00d4 03F0FB03 		and	r3, r3, #251
 395 00d8 D2E7     		b	.L34
 396              	.L28:
  96:source\key/key.c ****          key_value &= ~(0x08);
 397              		.loc 1 96 10 is_stmt 1 view .LVU128
  96:source\key/key.c ****          key_value &= ~(0x08);
 398              		.loc 1 96 19 is_stmt 0 view .LVU129
 399 00da 0022     		movs	r2, #0
 400 00dc 1A70     		strb	r2, [r3]
  97:source\key/key.c ****       }
 401              		.loc 1 97 10 is_stmt 1 view .LVU130
  97:source\key/key.c ****       }
 402              		.loc 1 97 20 is_stmt 0 view .LVU131
 403 00de 2378     		ldrb	r3, [r4]	@ zero_extendqisi2
 404 00e0 03F0F703 		and	r3, r3, #247
 405 00e4 E2E7     		b	.L35
 406              	.L37:
 407 00e6 00BF     		.align	2
 408              	.L36:
 409 00e8 00004242 		.word	1111621632
 410 00ec 00000000 		.word	.LANCHOR3
 411 00f0 00000000 		.word	.LANCHOR4
 412 00f4 00000000 		.word	.LANCHOR5
 413 00f8 00000000 		.word	.LANCHOR6
 414 00fc 00004042 		.word	1111490560
 415 0100 00000000 		.word	.LANCHOR7
 416              		.cfi_endproc
 417              	.LFE132:
 419              		.section	.text.key_init,"ax",%progbits
 420              		.align	1
 421              		.global	key_init
 422              		.syntax unified
 423              		.thumb
 424              		.thumb_func
 426              	key_init:
 427              	.LFB133:
 102:source\key/key.c **** 
 103:source\key/key.c **** 
 104:source\key/key.c **** void key_init (void)
 105:source\key/key.c **** {
 428              		.loc 1 105 1 is_stmt 1 view -0
 429              		.cfi_startproc
 430              		@ args = 0, pretend = 0, frame = 0
 431              		@ frame_needed = 0, uses_anonymous_args = 0
 106:source\key/key.c ****       /* Enable GPIO clocks */
 107:source\key/key.c ****       RCC_AHB1PeriphClockCmd(RCC_AHB1Periph_GPIOA | RCC_AHB1Periph_GPIOE | RCC_AHB1Periph_GPIOF, EN
 432              		.loc 1 107 7 view .LVU133
 105:source\key/key.c ****       /* Enable GPIO clocks */
 433              		.loc 1 105 1 is_stmt 0 view .LVU134
 434 0000 08B5     		push	{r3, lr}
 435              		.cfi_def_cfa_offset 8
 436              		.cfi_offset 3, -8
 437              		.cfi_offset 14, -4
 438              		.loc 1 107 7 view .LVU135
 439 0002 0121     		movs	r1, #1
 440 0004 3120     		movs	r0, #49
 441 0006 FFF7FEFF 		bl	RCC_AHB1PeriphClockCmd
 442              	.LVL5:
 108:source\key/key.c ****       GPIO_Init_Pin(GPIOE,GPIO_Pin_2,GPIO_Speed_100MHz,GPIO_Mode_IPU);		// KEY 2
 443              		.loc 1 108 7 is_stmt 1 view .LVU136
 444 000a 1648     		ldr	r0, .L39
 445 000c 1023     		movs	r3, #16
 446 000e 0322     		movs	r2, #3
 447 0010 0421     		movs	r1, #4
 448 0012 FFF7FEFF 		bl	GPIO_Init_Pin
 449              	.LVL6:
 109:source\key/key.c ****       GPIO_Init_Pin(GPIOE,GPIO_Pin_3,GPIO_Speed_100MHz,GPIO_Mode_IPU);		// KEY 1
 450              		.loc 1 109 7 view .LVU137
 451 0016 1348     		ldr	r0, .L39
 452 0018 1023     		movs	r3, #16
 453 001a 0322     		movs	r2, #3
 454 001c 0821     		movs	r1, #8
 455 001e FFF7FEFF 		bl	GPIO_Init_Pin
 456              	.LVL7:
 110:source\key/key.c ****       GPIO_Init_Pin(GPIOE,GPIO_Pin_4,GPIO_Speed_100MHz,GPIO_Mode_IPU);		// KEY 0
 457              		.loc 1 110 7 view .LVU138
 458 0022 1023     		movs	r3, #16
 459 0024 1946     		mov	r1, r3
 460 0026 0F48     		ldr	r0, .L39
 461 0028 0322     		movs	r2, #3
 462 002a FFF7FEFF 		bl	GPIO_Init_Pin
 463              	.LVL8:
 111:source\key/key.c ****       GPIO_Init_Pin(GPIOA,GPIO_Pin_0,GPIO_Speed_100MHz,GPIO_Mode_IPD);		// WAKEUP_KEY
 464              		.loc 1 111 7 view .LVU139
 465 002e 0E48     		ldr	r0, .L39+4
 466 0030 2023     		movs	r3, #32
 467 0032 0322     		movs	r2, #3
 468 0034 0121     		movs	r1, #1
 469 0036 FFF7FEFF 		bl	GPIO_Init_Pin
 470              	.LVL9:
 112:source\key/key.c ****       GPIO_Init_Pin(GPIOF,GPIO_Pin_8,GPIO_Speed_100MHz,GPIO_Mode_Out_PP);	// BUZZER
 471              		.loc 1 112 7 view .LVU140
 472 003a 0123     		movs	r3, #1
 473 003c 0322     		movs	r2, #3
 474 003e 0B48     		ldr	r0, .L39+8
 475 0040 4FF48071 		mov	r1, #256
 476 0044 FFF7FEFF 		bl	GPIO_Init_Pin
 477              	.LVL10:
 113:source\key/key.c ****       BEEP = 0;
 478              		.loc 1 113 7 view .LVU141
 479              		.loc 1 113 12 is_stmt 0 view .LVU142
 480 0048 094A     		ldr	r2, .L39+12
 481 004a 0023     		movs	r3, #0
 482 004c C2F8A032 		str	r3, [r2, #672]
 114:source\key/key.c ****       beep_on = 0;
 483              		.loc 1 114 7 is_stmt 1 view .LVU143
 484              		.loc 1 114 15 is_stmt 0 view .LVU144
 485 0050 084A     		ldr	r2, .L39+16
 486 0052 1370     		strb	r3, [r2]
 115:source\key/key.c ****       beep_cnt = 0;
 487              		.loc 1 115 7 is_stmt 1 view .LVU145
 488              		.loc 1 115 16 is_stmt 0 view .LVU146
 489 0054 084A     		ldr	r2, .L39+20
 490 0056 1380     		strh	r3, [r2]	@ movhi
 116:source\key/key.c ****       beep_max = 500;
 491              		.loc 1 116 7 is_stmt 1 view .LVU147
 492              		.loc 1 116 16 is_stmt 0 view .LVU148
 493 0058 084B     		ldr	r3, .L39+24
 494 005a 4FF4FA72 		mov	r2, #500
 495 005e 1A80     		strh	r2, [r3]	@ movhi
 117:source\key/key.c **** }
 496              		.loc 1 117 1 view .LVU149
 497 0060 08BD     		pop	{r3, pc}
 498              	.L40:
 499 0062 00BF     		.align	2
 500              	.L39:
 501 0064 00100240 		.word	1073876992
 502 0068 00000240 		.word	1073872896
 503 006c 00140240 		.word	1073878016
 504 0070 00804242 		.word	1111654400
 505 0074 00000000 		.word	.LANCHOR0
 506 0078 00000000 		.word	.LANCHOR1
 507 007c 00000000 		.word	.LANCHOR2
 508              		.cfi_endproc
 509              	.LFE133:
 511              		.global	beep_max
 512              		.global	beep_cnt
 513              		.global	beep_on
 514              		.global	key_value
 515              		.global	key_cnt4
 516              		.global	key_cnt3
 517              		.global	key_cnt2
 518              		.global	key_cnt1
 519              		.section	.bss.beep_cnt,"aw",%nobits
 520              		.align	1
 521              		.set	.LANCHOR1,. + 0
 524              	beep_cnt:
 525 0000 0000     		.space	2
 526              		.section	.bss.beep_max,"aw",%nobits
 527              		.align	1
 528              		.set	.LANCHOR2,. + 0
 531              	beep_max:
 532 0000 0000     		.space	2
 533              		.section	.bss.beep_on,"aw",%nobits
 534              		.set	.LANCHOR0,. + 0
 537              	beep_on:
 538 0000 00       		.space	1
 539              		.section	.bss.key_cnt1,"aw",%nobits
 540              		.set	.LANCHOR3,. + 0
 543              	key_cnt1:
 544 0000 00       		.space	1
 545              		.section	.bss.key_cnt2,"aw",%nobits
 546              		.set	.LANCHOR5,. + 0
 549              	key_cnt2:
 550 0000 00       		.space	1
 551              		.section	.bss.key_cnt3,"aw",%nobits
 552              		.set	.LANCHOR6,. + 0
 555              	key_cnt3:
 556 0000 00       		.space	1
 557              		.section	.bss.key_cnt4,"aw",%nobits
 558              		.set	.LANCHOR7,. + 0
 561              	key_cnt4:
 562 0000 00       		.space	1
 563              		.section	.bss.key_value,"aw",%nobits
 564              		.set	.LANCHOR4,. + 0
 567              	key_value:
 568 0000 00       		.space	1
 569              		.text
 570              	.Letext0:
 571              		.file 2 "c:\\program files (x86)\\gnu arm embedded toolchain\\10 2021.10\\arm-none-eabi\\include\\
 572              		.file 3 "c:\\program files (x86)\\gnu arm embedded toolchain\\10 2021.10\\arm-none-eabi\\include\\
 573              		.file 4 "/project/stm32f4x_iolib/include/cmsis/stm32f4xx.h"
 574              		.file 5 "/project/stm32f4x_iolib/include/stm32f4xx_gpio.h"
 575              		.file 6 "source\\key\\../prototype.h"
 576              		.file 7 "/project/stm32f4x_iolib/include/fundefs.h"
DEFINED SYMBOLS
                            *ABS*:00000000 key.c
C:\Users\dinot\AppData\Local\Temp\ccsO4a8I.s:20     .text.beep_control:00000000 $t
C:\Users\dinot\AppData\Local\Temp\ccsO4a8I.s:26     .text.beep_control:00000000 beep_control
C:\Users\dinot\AppData\Local\Temp\ccsO4a8I.s:81     .text.beep_control:00000020 $d
C:\Users\dinot\AppData\Local\Temp\ccsO4a8I.s:88     .text.beep_check:00000000 $t
C:\Users\dinot\AppData\Local\Temp\ccsO4a8I.s:94     .text.beep_check:00000000 beep_check
C:\Users\dinot\AppData\Local\Temp\ccsO4a8I.s:183    .text.beep_check:00000040 $d
C:\Users\dinot\AppData\Local\Temp\ccsO4a8I.s:191    .text.key_read:00000000 $t
C:\Users\dinot\AppData\Local\Temp\ccsO4a8I.s:197    .text.key_read:00000000 key_read
C:\Users\dinot\AppData\Local\Temp\ccsO4a8I.s:409    .text.key_read:000000e8 $d
C:\Users\dinot\AppData\Local\Temp\ccsO4a8I.s:420    .text.key_init:00000000 $t
C:\Users\dinot\AppData\Local\Temp\ccsO4a8I.s:426    .text.key_init:00000000 key_init
C:\Users\dinot\AppData\Local\Temp\ccsO4a8I.s:501    .text.key_init:00000064 $d
C:\Users\dinot\AppData\Local\Temp\ccsO4a8I.s:531    .bss.beep_max:00000000 beep_max
C:\Users\dinot\AppData\Local\Temp\ccsO4a8I.s:524    .bss.beep_cnt:00000000 beep_cnt
C:\Users\dinot\AppData\Local\Temp\ccsO4a8I.s:537    .bss.beep_on:00000000 beep_on
C:\Users\dinot\AppData\Local\Temp\ccsO4a8I.s:567    .bss.key_value:00000000 key_value
C:\Users\dinot\AppData\Local\Temp\ccsO4a8I.s:561    .bss.key_cnt4:00000000 key_cnt4
C:\Users\dinot\AppData\Local\Temp\ccsO4a8I.s:555    .bss.key_cnt3:00000000 key_cnt3
C:\Users\dinot\AppData\Local\Temp\ccsO4a8I.s:549    .bss.key_cnt2:00000000 key_cnt2
C:\Users\dinot\AppData\Local\Temp\ccsO4a8I.s:543    .bss.key_cnt1:00000000 key_cnt1
C:\Users\dinot\AppData\Local\Temp\ccsO4a8I.s:520    .bss.beep_cnt:00000000 $d
C:\Users\dinot\AppData\Local\Temp\ccsO4a8I.s:527    .bss.beep_max:00000000 $d
C:\Users\dinot\AppData\Local\Temp\ccsO4a8I.s:538    .bss.beep_on:00000000 $d
C:\Users\dinot\AppData\Local\Temp\ccsO4a8I.s:544    .bss.key_cnt1:00000000 $d
C:\Users\dinot\AppData\Local\Temp\ccsO4a8I.s:550    .bss.key_cnt2:00000000 $d
C:\Users\dinot\AppData\Local\Temp\ccsO4a8I.s:556    .bss.key_cnt3:00000000 $d
C:\Users\dinot\AppData\Local\Temp\ccsO4a8I.s:562    .bss.key_cnt4:00000000 $d
C:\Users\dinot\AppData\Local\Temp\ccsO4a8I.s:568    .bss.key_value:00000000 $d

UNDEFINED SYMBOLS
RCC_AHB1PeriphClockCmd
GPIO_Init_Pin
